<?xml version="1.0" encoding="UTF-8"?>
<testng-results skipped="0" failed="0" ignored="0" total="2" passed="2">
  <reporter-output>
  </reporter-output>
  <suite name="Surefire suite" duration-ms="26" started-at="2019-08-12T06:21:04Z" finished-at="2019-08-12T06:21:04Z">
    <groups>
    </groups>
    <test name="Surefire test" duration-ms="26" started-at="2019-08-12T06:21:04Z" finished-at="2019-08-12T06:21:04Z">
      <class name="packageABC.mvnTest">
        <test-method status="PASS" signature="mobileapp()[pri:0, instance:packageABC.mvnTest@511baa65]" name="mobileapp" duration-ms="8" started-at="2019-08-12T11:51:04Z" finished-at="2019-08-12T11:51:04Z">
          <reporter-output>
          </reporter-output>
        </test-method> <!-- mobileapp -->
        <test-method status="PASS" signature="webapp()[pri:0, instance:packageABC.mvnTest@511baa65]" name="webapp" duration-ms="0" started-at="2019-08-12T11:51:04Z" finished-at="2019-08-12T11:51:04Z">
          <reporter-output>
          </reporter-output>
        </test-method> <!-- webapp -->
      </class> <!-- packageABC.mvnTest -->
    </test> <!-- Surefire test -->
  </suite> <!-- Surefire suite -->
</testng-results>
